asdsd
A realistic construction site video showing a worker lifting a metal pipe when his helmet suddenly drops from above right onto his head as if from nowhere.
A realistic street camera video showing an old lady racing a delivery scooter and winning.
A realistic doorbell video showing a cat ringing the bell and then running away as the owner opens the door.
A realistic security camera video showing a man trying to close his umbrella but it suddenly flies away, dragging him a few meters.
A realistic backyard camera video showing a dog calmly sitting in a chair during a storm as everything else flies around.
A realistic parking lot video showing a man’s grocery bag breaking and oranges rolling in a perfect circle around his feet before stopping.
A realistic street camera video showing a construction worker accidentally dropping a bucket of paint that lands perfectly on a car’s roof.
A realistic rainy day video showing a woman walking with two umbrellas that keep flipping inside out alternately like synchronized wings.
A realistic home video showing an old man trying VR goggles and falling into a pile of pillows.
A realistic dashcam video showing a plastic chair racing alongside a car in heavy wind.
A realistic CCTV video showing a raccoon standing on two legs, staring into a peephole camera and waving its paws like it’s dancing.
A realistic doorbell camera video showing a man slipping on a wet floor and doing an accidental split.
A realistic night camera video showing a fox staring at its reflection in a doorbell camera lens for several seconds.
A realistic beach video showing a man’s hat flying into the ocean and a seagull catching it midair.
A realistic construction site video showing a wheelbarrow rolling by itself down a slope and stopping perfectly next to another worker.
A realistic street video showing a man trying to pick up his dropped hat but every time he bends, wind blows it farther away.
A realistic parking camera video showing two workers arguing while a truck slowly moves backward behind them unnoticed.
A realistic night CCTV video showing a cat scaring a motion sensor light that flickers in panic.
A realistic bus stop video showing a man’s umbrella flying into traffic and another person catching it perfectly like a baseball.
A realistic security video showing a sign falling exactly one inch behind a walking man without hitting him.
A realistic street camera video showing a woman’s bag zipper stuck on a street pole, and she spins around trying to free it.
A realistic home camera video showing a grandma using a leaf blower indoors to dry her laundry.
A realistic dashcam video showing a huge plastic sheet covering an entire car mid-drive.
A realistic rainy video showing a pigeon using an open umbrella as shelter beside a café table.
A realistic construction camera video showing a cement mixer spilling just enough to draw a smiley face on the ground.
A realistic night video showing a man’s motion light turning on and revealing a deer eating from his mailbox.
A realistic backyard camera video showing a trampoline flying away in the storm and landing safely on a neighbor’s roof.
A realistic doorbell video showing a courier tripping, throwing a package, which lands perfectly on the doorstep.
A realistic park camera video showing two dogs carrying the same stick in opposite directions without letting go.
